<?xml version="1.0" encoding="UTF-8"?>
<!-- Generated by org.testng.reporters.JUnitReportReporter -->
<testsuite hostname="LAPTOP-SV6TDPGG" name="calculator_Fredrik.calculator_Fredrik.TestCase" tests="30" failures="0" timestamp="14 Dec 2018 09:55:10 GMT" time="0.433" errors="0">
  <testcase name="testNegRotenUr50" time="0.015" classname="calculator_Fredrik.calculator_Fredrik.TestCase"/>
  <testcase name="testNegativeGånger50" time="0.043" classname="calculator_Fredrik.calculator_Fredrik.TestCase"/>
  <testcase name="testPotens50" time="0.006" classname="calculator_Fredrik.calculator_Fredrik.TestCase"/>
  <testcase name="testNegSin50" time="0.010" classname="calculator_Fredrik.calculator_Fredrik.TestCase"/>
  <testcase name="tesgångerPI50" time="0.036" classname="calculator_Fredrik.calculator_Fredrik.TestCase"/>
  <testcase name="testGånger50" time="0.008" classname="calculator_Fredrik.calculator_Fredrik.TestCase"/>
  <testcase name="testRotenUr50" time="0.027" classname="calculator_Fredrik.calculator_Fredrik.TestCase"/>
  <testcase name="test0RotenUr50" time="0.005" classname="calculator_Fredrik.calculator_Fredrik.TestCase"/>
  <testcase name="testNegMinus50" time="0.015" classname="calculator_Fredrik.calculator_Fredrik.TestCase"/>
  <testcase name="testNegPlus50" time="0.005" classname="calculator_Fredrik.calculator_Fredrik.TestCase"/>
  <testcase name="test0Cos50" time="0.009" classname="calculator_Fredrik.calculator_Fredrik.TestCase"/>
  <testcase name="tes0gångerPI50" time="0.006" classname="calculator_Fredrik.calculator_Fredrik.TestCase"/>
  <testcase name="tesNegativegångerPI50" time="0.009" classname="calculator_Fredrik.calculator_Fredrik.TestCase"/>
  <testcase name="testTan50" time="0.026" classname="calculator_Fredrik.calculator_Fredrik.TestCase"/>
  <testcase name="testNegTan50" time="0.004" classname="calculator_Fredrik.calculator_Fredrik.TestCase"/>
  <testcase name="test0Delat50" time="0.006" classname="calculator_Fredrik.calculator_Fredrik.TestCase"/>
  <testcase name="testMinus50" time="0.010" classname="calculator_Fredrik.calculator_Fredrik.TestCase"/>
  <testcase name="testNegPotens50" time="0.010" classname="calculator_Fredrik.calculator_Fredrik.TestCase"/>
  <testcase name="test0Minus50" time="0.007" classname="calculator_Fredrik.calculator_Fredrik.TestCase"/>
  <testcase name="testPlus50" time="0.001" classname="calculator_Fredrik.calculator_Fredrik.TestCase"/>
  <testcase name="test0Tan50" time="0.010" classname="calculator_Fredrik.calculator_Fredrik.TestCase"/>
  <testcase name="test0Sin50" time="0.007" classname="calculator_Fredrik.calculator_Fredrik.TestCase"/>
  <testcase name="test0Plus50" time="0.002" classname="calculator_Fredrik.calculator_Fredrik.TestCase"/>
  <testcase name="testNegDelat50" time="0.021" classname="calculator_Fredrik.calculator_Fredrik.TestCase"/>
  <testcase name="testNegCos50" time="0.008" classname="calculator_Fredrik.calculator_Fredrik.TestCase"/>
  <testcase name="test0Gånger50" time="0.006" classname="calculator_Fredrik.calculator_Fredrik.TestCase"/>
  <testcase name="test0Potens50" time="0.018" classname="calculator_Fredrik.calculator_Fredrik.TestCase"/>
  <testcase name="testSin50" time="0.040" classname="calculator_Fredrik.calculator_Fredrik.TestCase"/>
  <testcase name="testCos50" time="0.056" classname="calculator_Fredrik.calculator_Fredrik.TestCase"/>
  <testcase name="testDelat50" time="0.007" classname="calculator_Fredrik.calculator_Fredrik.TestCase"/>
</testsuite> <!-- calculator_Fredrik.calculator_Fredrik.TestCase -->
